{"name": "Проверка увеличения счетчика \"Выполнено за сегодня\" при создании нового заказа", "status": "broken", "statusDetails": {"message": "selenium.common.exceptions.ElementClickInterceptedException: Message: Element <a class=\"AppHeader_header__link__3D_hX\" href=\"/feed\"> is not clickable at point (412,44) because another element <div class=\"Modal_modal_overlay__x2ZCr\"> obscures it\nStacktrace:\nRemoteError@chrome://remote/content/shared/RemoteError.sys.mjs:8:8\nWebDriverError@chrome://remote/content/shared/webdriver/Errors.sys.mjs:193:5\nElementClickInterceptedError@chrome://remote/content/shared/webdriver/Errors.sys.mjs:337:5\nwebdriverClickElement@chrome://remote/content/marionette/interaction.sys.mjs:177:11\ninteraction.clickElement@chrome://remote/content/marionette/interaction.sys.mjs:136:11\nclickElement@chrome://remote/content/marionette/actors/MarionetteCommandsChild.sys.mjs:205:29\nreceiveMessage@chrome://remote/content/marionette/actors/MarionetteCommandsChild.sys.mjs:85:31", "trace": "self = <tests.test_orders_feed_page.TestOrdersFeedPage object at 0x00000168A4478950>\ndriver = <selenium.webdriver.firefox.webdriver.WebDriver (session=\"688c4988-16ae-4785-91a5-118807235b4e\")>, user_info = ['natali_dmitrievsky_1274_253@yandex.ru', 'F85-65']\n\n    @allure.title('Проверка увеличения счетчика \"Выполнено за сегодня\" при создании нового заказа')\n    def test_total_today_after_order(self, driver, user_info):\n        main_page = MainPage(driver)\n        main_page.click_account_button()\n        main_page.set_auth_form(user_info[0], user_info[1])\n>       main_page.click_order_feed()\n\ntests\\test_orders_feed_page.py:77: \n_ _ _ _ _ _ _ _ _ _ _ _ _ _ _ _ _ _ _ _ _ _ _ _ _ _ _ _ _ _ _ _ _ _ _ _ _ _ _ _ _ _ _ _ _ _ _ _ _ _ _ _ _ _ _ _ _ _ _ _ _ _ _ _ _ _ _ _ _ _ _ _ _ _ _ _ _ _ _ _ _ _ _ _ _ _ _ _ _ _ _ _\npages\\main_page.py:61: in click_order_feed\n    order_feed.click()\n.venv\\Lib\\site-packages\\selenium\\webdriver\\remote\\webelement.py:94: in click\n    self._execute(Command.CLICK_ELEMENT)\n.venv\\Lib\\site-packages\\selenium\\webdriver\\remote\\webelement.py:395: in _execute\n    return self._parent.execute(command, params)\n.venv\\Lib\\site-packages\\selenium\\webdriver\\remote\\webdriver.py:354: in execute\n    self.error_handler.check_response(response)\n_ _ _ _ _ _ _ _ _ _ _ _ _ _ _ _ _ _ _ _ _ _ _ _ _ _ _ _ _ _ _ _ _ _ _ _ _ _ _ _ _ _ _ _ _ _ _ _ _ _ _ _ _ _ _ _ _ _ _ _ _ _ _ _ _ _ _ _ _ _ _ _ _ _ _ _ _ _ _ _ _ _ _ _ _ _ _ _ _ _ _ _\n\nself = <selenium.webdriver.remote.errorhandler.ErrorHandler object at 0x00000168A471B990>\nresponse = {'status': 400, 'value': '{\"value\":{\"error\":\"element click intercepted\",\"message\":\"Element <a class=\\\\\"AppHeader_heade...sys.mjs:205:29\\\\nreceiveMessage@chrome://remote/content/marionette/actors/MarionetteCommandsChild.sys.mjs:85:31\\\\n\"}}'}\n\n    def check_response(self, response: Dict[str, Any]) -> None:\n        \"\"\"Checks that a JSON response from the WebDriver does not have an\n        error.\n    \n        :Args:\n         - response - The JSON response from the WebDriver server as a dictionary\n           object.\n    \n        :Raises: If the response contains an error message.\n        \"\"\"\n        status = response.get(\"status\", None)\n        if not status or status == ErrorCode.SUCCESS:\n            return\n        value = None\n        message = response.get(\"message\", \"\")\n        screen: str = response.get(\"screen\", \"\")\n        stacktrace = None\n        if isinstance(status, int):\n            value_json = response.get(\"value\", None)\n            if value_json and isinstance(value_json, str):\n                import json\n    \n                try:\n                    value = json.loads(value_json)\n                    if len(value) == 1:\n                        value = value[\"value\"]\n                    status = value.get(\"error\", None)\n                    if not status:\n                        status = value.get(\"status\", ErrorCode.UNKNOWN_ERROR)\n                        message = value.get(\"value\") or value.get(\"message\")\n                        if not isinstance(message, str):\n                            value = message\n                            message = message.get(\"message\")\n                    else:\n                        message = value.get(\"message\", None)\n                except ValueError:\n                    pass\n    \n        exception_class: Type[WebDriverException]\n        e = ErrorCode()\n        error_codes = [item for item in dir(e) if not item.startswith(\"__\")]\n        for error_code in error_codes:\n            error_info = getattr(ErrorCode, error_code)\n            if isinstance(error_info, list) and status in error_info:\n                exception_class = getattr(ExceptionMapping, error_code, WebDriverException)\n                break\n        else:\n            exception_class = WebDriverException\n    \n        if not value:\n            value = response[\"value\"]\n        if isinstance(value, str):\n            raise exception_class(value)\n        if message == \"\" and \"message\" in value:\n            message = value[\"message\"]\n    \n        screen = None  # type: ignore[assignment]\n        if \"screen\" in value:\n            screen = value[\"screen\"]\n    \n        stacktrace = None\n        st_value = value.get(\"stackTrace\") or value.get(\"stacktrace\")\n        if st_value:\n            if isinstance(st_value, str):\n                stacktrace = st_value.split(\"\\n\")\n            else:\n                stacktrace = []\n                try:\n                    for frame in st_value:\n                        line = frame.get(\"lineNumber\", \"\")\n                        file = frame.get(\"fileName\", \"<anonymous>\")\n                        if line:\n                            file = f\"{file}:{line}\"\n                        meth = frame.get(\"methodName\", \"<anonymous>\")\n                        if \"className\" in frame:\n                            meth = f\"{frame['className']}.{meth}\"\n                        msg = \"    at %s (%s)\"\n                        msg = msg % (meth, file)\n                        stacktrace.append(msg)\n                except TypeError:\n                    pass\n        if exception_class == UnexpectedAlertPresentException:\n            alert_text = None\n            if \"data\" in value:\n                alert_text = value[\"data\"].get(\"text\")\n            elif \"alert\" in value:\n                alert_text = value[\"alert\"].get(\"text\")\n            raise exception_class(message, screen, stacktrace, alert_text)  # type: ignore[call-arg]  # mypy is not smart enough here\n>       raise exception_class(message, screen, stacktrace)\nE       selenium.common.exceptions.ElementClickInterceptedException: Message: Element <a class=\"AppHeader_header__link__3D_hX\" href=\"/feed\"> is not clickable at point (412,44) because another element <div class=\"Modal_modal_overlay__x2ZCr\"> obscures it\nE       Stacktrace:\nE       RemoteError@chrome://remote/content/shared/RemoteError.sys.mjs:8:8\nE       WebDriverError@chrome://remote/content/shared/webdriver/Errors.sys.mjs:193:5\nE       ElementClickInterceptedError@chrome://remote/content/shared/webdriver/Errors.sys.mjs:337:5\nE       webdriverClickElement@chrome://remote/content/marionette/interaction.sys.mjs:177:11\nE       interaction.clickElement@chrome://remote/content/marionette/interaction.sys.mjs:136:11\nE       clickElement@chrome://remote/content/marionette/actors/MarionetteCommandsChild.sys.mjs:205:29\nE       receiveMessage@chrome://remote/content/marionette/actors/MarionetteCommandsChild.sys.mjs:85:31\n\n.venv\\Lib\\site-packages\\selenium\\webdriver\\remote\\errorhandler.py:229: ElementClickInterceptedException"}, "steps": [{"name": "Нажатие на кнопку \"Войти в аккаунт\"", "status": "passed", "steps": [{"name": "Нахождение элемента", "status": "passed", "parameters": [{"name": "locator", "value": "['xpath', \".//button[text() = 'Войти в аккаунт']\"]"}], "start": 1727812296218, "stop": 1727812296230}, {"name": "Ожидание кликабельности элемента", "status": "passed", "parameters": [{"name": "locator", "value": "['xpath', \".//button[text() = 'Войти в аккаунт']\"]"}], "start": 1727812296230, "stop": 1727812296240}], "start": 1727812296218, "stop": 1727812296469}, {"name": "Заполнение полей формы авторизации и нажатие на кнопку \"Войти\"", "status": "passed", "steps": [{"name": "Заполнение поля Email в форме авторизации", "status": "passed", "steps": [{"name": "Нахождение элемента", "status": "passed", "parameters": [{"name": "locator", "value": "['xpath', \".//input[@class = 'text input__textfield text_type_main-default' and @name = 'name']\"]"}], "start": 1727812296469, "stop": 1727812296476}], "parameters": [{"name": "email", "value": "'natali_dmitrievsky_1274_253@yandex.ru'"}], "start": 1727812296469, "stop": 1727812296516}, {"name": "Заполнение поля \"Пароль\" в форме авторизации", "status": "passed", "steps": [{"name": "Нахождение элемента", "status": "passed", "parameters": [{"name": "locator", "value": "['xpath', \".//input[@class = 'text input__textfield text_type_main-default' and @name = 'Пароль']\"]"}], "start": 1727812296516, "stop": 1727812296523}], "parameters": [{"name": "password", "value": "'F85-65'"}], "start": 1727812296516, "stop": 1727812296529}, {"name": "Нажатие на кнопку \"Войти\" в форме авторизации", "status": "passed", "steps": [{"name": "Нахождение элемента", "status": "passed", "parameters": [{"name": "locator", "value": "['xpath', \".//button[text() = 'Войти']\"]"}], "start": 1727812296529, "stop": 1727812296537}, {"name": "Ожидание кликабельности элемента", "status": "passed", "parameters": [{"name": "locator", "value": "['xpath', \".//button[text() = 'Войти']\"]"}], "start": 1727812296537, "stop": 1727812296544}], "start": 1727812296529, "stop": 1727812296759}], "parameters": [{"name": "email", "value": "'natali_dmitrievsky_1274_253@yandex.ru'"}, {"name": "password", "value": "'F85-65'"}], "start": 1727812296469, "stop": 1727812296759}, {"name": "Нажатие на \"Лента Заказов\"", "status": "broken", "statusDetails": {"message": "selenium.common.exceptions.ElementClickInterceptedException: Message: Element <a class=\"AppHeader_header__link__3D_hX\" href=\"/feed\"> is not clickable at point (412,44) because another element <div class=\"Modal_modal_overlay__x2ZCr\"> obscures it\nStacktrace:\nRemoteError@chrome://remote/content/shared/RemoteError.sys.mjs:8:8\nWebDriverError@chrome://remote/content/shared/webdriver/Errors.sys.mjs:193:5\nElementClickInterceptedError@chrome://remote/content/shared/webdriver/Errors.sys.mjs:337:5\nwebdriverClickElement@chrome://remote/content/marionette/interaction.sys.mjs:177:11\ninteraction.clickElement@chrome://remote/content/marionette/interaction.sys.mjs:136:11\nclickElement@chrome://remote/content/marionette/actors/MarionetteCommandsChild.sys.mjs:205:29\nreceiveMessage@chrome://remote/content/marionette/actors/MarionetteCommandsChild.sys.mjs:85:31\n\n", "trace": "  File \"C:\\Users\\nndmi\\Diplom\\Diplom_3\\.venv\\Lib\\site-packages\\allure_commons\\_allure.py\", line 192, in impl\n    return func(*a, **kw)\n           ^^^^^^^^^^^^^^\n  File \"C:\\Users\\nndmi\\Diplom\\Diplom_3\\pages\\main_page.py\", line 61, in click_order_feed\n    order_feed.click()\n  File \"C:\\Users\\nndmi\\Diplom\\Diplom_3\\.venv\\Lib\\site-packages\\selenium\\webdriver\\remote\\webelement.py\", line 94, in click\n    self._execute(Command.CLICK_ELEMENT)\n  File \"C:\\Users\\nndmi\\Diplom\\Diplom_3\\.venv\\Lib\\site-packages\\selenium\\webdriver\\remote\\webelement.py\", line 395, in _execute\n    return self._parent.execute(command, params)\n           ^^^^^^^^^^^^^^^^^^^^^^^^^^^^^^^^^^^^^\n  File \"C:\\Users\\nndmi\\Diplom\\Diplom_3\\.venv\\Lib\\site-packages\\selenium\\webdriver\\remote\\webdriver.py\", line 354, in execute\n    self.error_handler.check_response(response)\n  File \"C:\\Users\\nndmi\\Diplom\\Diplom_3\\.venv\\Lib\\site-packages\\selenium\\webdriver\\remote\\errorhandler.py\", line 229, in check_response\n    raise exception_class(message, screen, stacktrace)\n"}, "steps": [{"name": "Нахождение элемента", "status": "passed", "parameters": [{"name": "locator", "value": "['xpath', \".//li[@class = 'undefined ml-2']/a\"]"}], "start": 1727812296759, "stop": 1727812296769}, {"name": "Ожидание кликабельности элемента", "status": "passed", "parameters": [{"name": "locator", "value": "['xpath', \".//li[@class = 'undefined ml-2']/a\"]"}], "start": 1727812296769, "stop": 1727812296777}], "start": 1727812296759, "stop": 1727812296779}], "parameters": [{"name": "driver", "value": "'firefox'"}], "start": 1727812296217, "stop": 1727812296780, "uuid": "85c16aac-084d-4167-825d-7b65fb422ae8", "historyId": "cdd1b4115b6494438db543aa0809611e", "testCaseId": "d0e6493ede3b9f4ee80c127a582ce1cc", "fullName": "tests.test_orders_feed_page.TestOrdersFeedPage#test_total_today_after_order", "labels": [{"name": "parentSuite", "value": "tests"}, {"name": "suite", "value": "test_orders_feed_page"}, {"name": "subSuite", "value": "TestOrdersFeedPage"}, {"name": "host", "value": "DNn"}, {"name": "thread", "value": "8532-MainThread"}, {"name": "framework", "value": "pytest"}, {"name": "language", "value": "cpython3"}, {"name": "package", "value": "tests.test_orders_feed_page"}]}