{"name": "Проверка закрытия модального окна деталей ингредиента по клику на \"крестик\"", "status": "broken", "statusDetails": {"message": "selenium.common.exceptions.TimeoutException: Message:", "trace": "self = <tests.test_main_page.TestMainPage object at 0x00000160AFC58390>, driver = <selenium.webdriver.firefox.webdriver.WebDriver (session=\"c24e3825-5a78-4c90-b1e3-1416d207181f\")>\n\n    @allure.title('Проверка закрытия модального окна деталей ингредиента по клику на \"крестик\"')\n    def test_close_window_detail(self, driver):\n        main_page = MainPage(driver)\n        main_page.click_constructor()\n        main_page.click_bread_element()\n>       element = main_page.click_close_button_modal_window_details()\n\ntests\\test_main_page.py:38: \n_ _ _ _ _ _ _ _ _ _ _ _ _ _ _ _ _ _ _ _ _ _ _ _ _ _ _ _ _ _ _ _ _ _ _ _ _ _ _ _ _ _ _ _ _ _ _ _ _ _ _ _ _ _ _ _ _ _ _ _ _ _ _ _ _ _ _ _ _ _ _ _ _ _ _ _ _ _ _ _ _ _ _ _ _ _ _ _ _ _ _ _\npages\\main_page.py:77: in click_close_button_modal_window_details\n    element = self.wait_and_find_element(MainPageLocators.AFTER_CLOSE_WINDOW_DETAILS)\npages\\base_page.py:13: in wait_and_find_element\n    WebDriverWait(self.driver, 40).until(expected_conditions.visibility_of_element_located(locator))\n_ _ _ _ _ _ _ _ _ _ _ _ _ _ _ _ _ _ _ _ _ _ _ _ _ _ _ _ _ _ _ _ _ _ _ _ _ _ _ _ _ _ _ _ _ _ _ _ _ _ _ _ _ _ _ _ _ _ _ _ _ _ _ _ _ _ _ _ _ _ _ _ _ _ _ _ _ _ _ _ _ _ _ _ _ _ _ _ _ _ _ _\n\nself = <selenium.webdriver.support.wait.WebDriverWait (session=\"c24e3825-5a78-4c90-b1e3-1416d207181f\")>\nmethod = <function visibility_of_element_located.<locals>._predicate at 0x00000160AFCAC400>, message = ''\n\n    def until(self, method: Callable[[D], Union[Literal[False], T]], message: str = \"\") -> T:\n        \"\"\"Calls the method provided with the driver as an argument until the \\\n        return value does not evaluate to ``False``.\n    \n        :param method: callable(WebDriver)\n        :param message: optional message for :exc:`TimeoutException`\n        :returns: the result of the last call to `method`\n        :raises: :exc:`selenium.common.exceptions.TimeoutException` if timeout occurs\n        \"\"\"\n        screen = None\n        stacktrace = None\n    \n        end_time = time.monotonic() + self._timeout\n        while True:\n            try:\n                value = method(self._driver)\n                if value:\n                    return value\n            except self._ignored_exceptions as exc:\n                screen = getattr(exc, \"screen\", None)\n                stacktrace = getattr(exc, \"stacktrace\", None)\n            time.sleep(self._poll)\n            if time.monotonic() > end_time:\n                break\n>       raise TimeoutException(message, screen, stacktrace)\nE       selenium.common.exceptions.TimeoutException: Message:\n\n.venv\\Lib\\site-packages\\selenium\\webdriver\\support\\wait.py:105: TimeoutException"}, "steps": [{"name": "Нажатие на \"Конструктор\"", "status": "passed", "steps": [{"name": "Нахождение элемента", "status": "passed", "parameters": [{"name": "locator", "value": "['xpath', \".//p[text() = 'Конструктор']\"]"}], "start": 1727714164397, "stop": 1727714164415}, {"name": "Нахождение элемента", "status": "passed", "parameters": [{"name": "locator", "value": "['xpath', \".//a[@class = 'AppHeader_header__link__3D_hX AppHeader_header__link_active__1IkJo' and @href = '/']\"]"}], "start": 1727714166643, "stop": 1727714166652}], "start": 1727714164397, "stop": 1727714166652}, {"name": "Нажатие на ингредиент", "status": "passed", "steps": [{"name": "Нахождение элемента", "status": "passed", "parameters": [{"name": "locator", "value": "['xpath', \".//img[@alt = 'Краторная булка N-200i']\"]"}], "start": 1727714166652, "stop": 1727714166658}, {"name": "Нахождение элемента", "status": "passed", "parameters": [{"name": "locator", "value": "['xpath', \".//section[@class = 'Modal_modal_opened__3ISw4 Modal_modal__P3_V5']/div/div/p\"]"}], "start": 1727714166878, "stop": 1727714166885}], "start": 1727714166652, "stop": 1727714166885}, {"name": "Нажатие на \"крестик\" в модальном окне деталей ингредиента", "status": "broken", "statusDetails": {"message": "selenium.common.exceptions.TimeoutException: Message: \n\n", "trace": "  File \"C:\\Users\\nndmi\\Diplom\\Diplom_3\\.venv\\Lib\\site-packages\\allure_commons\\_allure.py\", line 192, in impl\n    return func(*a, **kw)\n           ^^^^^^^^^^^^^^\n  File \"C:\\Users\\nndmi\\Diplom\\Diplom_3\\pages\\main_page.py\", line 77, in click_close_button_modal_window_details\n    element = self.wait_and_find_element(MainPageLocators.AFTER_CLOSE_WINDOW_DETAILS)\n              ^^^^^^^^^^^^^^^^^^^^^^^^^^^^^^^^^^^^^^^^^^^^^^^^^^^^^^^^^^^^^^^^^^^^^^^\n  File \"C:\\Users\\nndmi\\Diplom\\Diplom_3\\.venv\\Lib\\site-packages\\allure_commons\\_allure.py\", line 192, in impl\n    return func(*a, **kw)\n           ^^^^^^^^^^^^^^\n  File \"C:\\Users\\nndmi\\Diplom\\Diplom_3\\pages\\base_page.py\", line 13, in wait_and_find_element\n    WebDriverWait(self.driver, 40).until(expected_conditions.visibility_of_element_located(locator))\n  File \"C:\\Users\\nndmi\\Diplom\\Diplom_3\\.venv\\Lib\\site-packages\\selenium\\webdriver\\support\\wait.py\", line 105, in until\n    raise TimeoutException(message, screen, stacktrace)\n"}, "steps": [{"name": "Нахождение элемента", "status": "passed", "parameters": [{"name": "locator", "value": "['xpath', \".//section[@class = 'Modal_modal_opened__3ISw4 Modal_modal__P3_V5']/div/button\"]"}], "start": 1727714166885, "stop": 1727714166890}, {"name": "Нахождение элемента", "status": "broken", "statusDetails": {"message": "selenium.common.exceptions.TimeoutException: Message: \n\n", "trace": "  File \"C:\\Users\\nndmi\\Diplom\\Diplom_3\\.venv\\Lib\\site-packages\\allure_commons\\_allure.py\", line 192, in impl\n    return func(*a, **kw)\n           ^^^^^^^^^^^^^^\n  File \"C:\\Users\\nndmi\\Diplom\\Diplom_3\\pages\\base_page.py\", line 13, in wait_and_find_element\n    WebDriverWait(self.driver, 40).until(expected_conditions.visibility_of_element_located(locator))\n  File \"C:\\Users\\nndmi\\Diplom\\Diplom_3\\.venv\\Lib\\site-packages\\selenium\\webdriver\\support\\wait.py\", line 105, in until\n    raise TimeoutException(message, screen, stacktrace)\n"}, "parameters": [{"name": "locator", "value": "['xpath', \".//section[@class = 'Modal_modal__P3_V5']/div/div[@class = 'Modal_modal__contentBox__sCy8X pt-10 pb-15']\"]"}], "start": 1727714170108, "stop": 1727714210153}], "start": 1727714166885, "stop": 1727714210156}], "parameters": [{"name": "driver", "value": "'firefox'"}], "start": 1727714164397, "stop": 1727714210158, "uuid": "e3b6cc62-8636-4c64-8845-cc9c4d6a1367", "historyId": "01e36d66263dca51c9de56507d2f6164", "testCaseId": "540b2c0c72eb6d0d5ec39c5004add6de", "fullName": "tests.test_main_page.TestMainPage#test_close_window_detail", "labels": [{"name": "parentSuite", "value": "tests"}, {"name": "suite", "value": "test_main_page"}, {"name": "subSuite", "value": "TestMainPage"}, {"name": "host", "value": "DNn"}, {"name": "thread", "value": "18576-MainThread"}, {"name": "framework", "value": "pytest"}, {"name": "language", "value": "cpython3"}, {"name": "package", "value": "tests.test_main_page"}]}