{"name": "Проверка отображения заказа пользователя из раздела \"История заказов\" на странице \"Лента Заказов\"", "status": "broken", "statusDetails": {"message": "selenium.common.exceptions.TimeoutException: Message: \nStacktrace:\nRemoteError@chrome://remote/content/shared/RemoteError.sys.mjs:8:8\nWebDriverError@chrome://remote/content/shared/webdriver/Errors.sys.mjs:193:5\nNoSuchElementError@chrome://remote/content/shared/webdriver/Errors.sys.mjs:511:5\ndom.find/</<@chrome://remote/content/shared/DOM.sys.mjs:136:16", "trace": "self = <tests.test_orders_feed_page.TestOrdersFeedPage object at 0x00000160AFC73050>\ndriver = <selenium.webdriver.firefox.webdriver.WebDriver (session=\"4623af3f-762b-4e1d-af2c-da980d20d0a6\")>\n\n    @allure.title('Проверка отображения заказа пользователя из раздела \"История заказов\" на странице \"Лента Заказов\"')\n    def test_orders_in_history_and_feed(self, driver):\n        body = GenerationData.create_valid_user_body()\n        create_response = ApiShop.create_user(body)\n        user_email = create_response.json()['user']['email']\n        user_password = body['password']\n        headers = GenerationData.get_auth_token_and_create_headers(create_response)\n        main_page = MainPage(driver)\n        main_page.click_account_button()\n        main_page.set_auth_form(user_email, user_password)\n        main_page.create_order(driver)\n        main_page.click_close_button_modal_window_id_order()\n        main_page.click_lk_in_the_header()\n        lk_page = LkPage(driver)\n        lk_page.click_order_history()\n>       order_in_history = lk_page.get_history_element()\n\ntests\\test_orders_feed_page.py:82: \n_ _ _ _ _ _ _ _ _ _ _ _ _ _ _ _ _ _ _ _ _ _ _ _ _ _ _ _ _ _ _ _ _ _ _ _ _ _ _ _ _ _ _ _ _ _ _ _ _ _ _ _ _ _ _ _ _ _ _ _ _ _ _ _ _ _ _ _ _ _ _ _ _ _ _ _ _ _ _ _ _ _ _ _ _ _ _ _ _ _ _ _\npages\\lk_page.py:24: in get_history_element\n    history_element = self.wait_and_find_element(LkPageLocators.HISTORY_ELEMENT)\npages\\base_page.py:13: in wait_and_find_element\n    WebDriverWait(self.driver, 40).until(expected_conditions.visibility_of_element_located(locator))\n_ _ _ _ _ _ _ _ _ _ _ _ _ _ _ _ _ _ _ _ _ _ _ _ _ _ _ _ _ _ _ _ _ _ _ _ _ _ _ _ _ _ _ _ _ _ _ _ _ _ _ _ _ _ _ _ _ _ _ _ _ _ _ _ _ _ _ _ _ _ _ _ _ _ _ _ _ _ _ _ _ _ _ _ _ _ _ _ _ _ _ _\n\nself = <selenium.webdriver.support.wait.WebDriverWait (session=\"4623af3f-762b-4e1d-af2c-da980d20d0a6\")>\nmethod = <function visibility_of_element_located.<locals>._predicate at 0x00000160AFCF6B60>, message = ''\n\n    def until(self, method: Callable[[D], Union[Literal[False], T]], message: str = \"\") -> T:\n        \"\"\"Calls the method provided with the driver as an argument until the \\\n        return value does not evaluate to ``False``.\n    \n        :param method: callable(WebDriver)\n        :param message: optional message for :exc:`TimeoutException`\n        :returns: the result of the last call to `method`\n        :raises: :exc:`selenium.common.exceptions.TimeoutException` if timeout occurs\n        \"\"\"\n        screen = None\n        stacktrace = None\n    \n        end_time = time.monotonic() + self._timeout\n        while True:\n            try:\n                value = method(self._driver)\n                if value:\n                    return value\n            except self._ignored_exceptions as exc:\n                screen = getattr(exc, \"screen\", None)\n                stacktrace = getattr(exc, \"stacktrace\", None)\n            time.sleep(self._poll)\n            if time.monotonic() > end_time:\n                break\n>       raise TimeoutException(message, screen, stacktrace)\nE       selenium.common.exceptions.TimeoutException: Message: \nE       Stacktrace:\nE       RemoteError@chrome://remote/content/shared/RemoteError.sys.mjs:8:8\nE       WebDriverError@chrome://remote/content/shared/webdriver/Errors.sys.mjs:193:5\nE       NoSuchElementError@chrome://remote/content/shared/webdriver/Errors.sys.mjs:511:5\nE       dom.find/</<@chrome://remote/content/shared/DOM.sys.mjs:136:16\n\n.venv\\Lib\\site-packages\\selenium\\webdriver\\support\\wait.py:105: TimeoutException"}, "steps": [{"name": "Нажатие на кнопку \"Войти в аккаунт\"", "status": "passed", "steps": [{"name": "Нахождение элемента", "status": "passed", "parameters": [{"name": "locator", "value": "['xpath', \".//button[text() = 'Войти в аккаунт']\"]"}], "start": 1727714435370, "stop": 1727714435386}], "start": 1727714435370, "stop": 1727714438620}, {"name": "Заполнение полей формы авторизации и нажатие на кнопку \"Войти\"", "status": "passed", "steps": [{"name": "Заполнение поля Email в форме авторизации", "status": "passed", "steps": [{"name": "Нахождение элемента", "status": "passed", "parameters": [{"name": "locator", "value": "['xpath', \".//input[@class = 'text input__textfield text_type_main-default' and @name = 'name']\"]"}], "start": 1727714438621, "stop": 1727714438639}], "parameters": [{"name": "email", "value": "'natali_dmitrievsky_1274_937@yandex.ru'"}], "start": 1727714438621, "stop": 1727714438681}, {"name": "Заполнение поля \"Пароль\" в форме авторизации", "status": "passed", "steps": [{"name": "Нахождение элемента", "status": "passed", "parameters": [{"name": "locator", "value": "['xpath', \".//input[@class = 'text input__textfield text_type_main-default' and @name = 'Пароль']\"]"}], "start": 1727714438681, "stop": 1727714438689}], "parameters": [{"name": "password", "value": "'F33-32'"}], "start": 1727714438681, "stop": 1727714438698}, {"name": "Нажатие на кнопку \"Войти\" в форме авторизации", "status": "passed", "steps": [{"name": "Нахождение элемента", "status": "passed", "parameters": [{"name": "locator", "value": "['xpath', \".//button[text() = 'Войти']\"]"}], "start": 1727714438698, "stop": 1727714438705}], "start": 1727714438698, "stop": 1727714438923}], "parameters": [{"name": "email", "value": "'natali_dmitrievsky_1274_937@yandex.ru'"}, {"name": "password", "value": "'F33-32'"}], "start": 1727714438621, "stop": 1727714438923}, {"name": "Переход в Конструктор и создание заказа", "status": "passed", "steps": [{"name": "Нажатие на \"Конструктор\"", "status": "passed", "steps": [{"name": "Нахождение элемента", "status": "passed", "parameters": [{"name": "locator", "value": "['xpath', \".//p[text() = 'Конструктор']\"]"}], "start": 1727714438923, "stop": 1727714438933}, {"name": "Нахождение элемента", "status": "passed", "parameters": [{"name": "locator", "value": "['xpath', \".//a[@class = 'AppHeader_header__link__3D_hX AppHeader_header__link_active__1IkJo' and @href = '/']\"]"}], "start": 1727714441167, "stop": 1727714441192}], "start": 1727714438923, "stop": 1727714441192}, {"name": "Добавление булочки в заказ", "status": "passed", "steps": [{"name": "Нахождение элемента", "status": "passed", "parameters": [{"name": "locator", "value": "['xpath', \".//img[@alt = 'Краторная булка N-200i']\"]"}], "start": 1727714441192, "stop": 1727714441201}, {"name": "Нахождение элемента", "status": "passed", "parameters": [{"name": "locator", "value": "['xpath', \".//section[@class = 'BurgerConstructor_basket__29Cd7 mt-25 ']\"]"}], "start": 1727714441201, "stop": 1727714441208}, {"name": "Перетаскивание элемента", "status": "passed", "parameters": [{"name": "driver", "value": "<selenium.webdriver.firefox.webdriver.WebDriver (session=\"4623af3f-762b-4e1d-af2c-da980d20d0a6\")>"}, {"name": "locator_1", "value": "<selenium.webdriver.remote.webelement.WebElement (session=\"4623af3f-762b-4e1d-af2c-da980d20d0a6\", element=\"9df40151-3718-4ab7-9773-43efbc630c4d\")>"}, {"name": "locator_2", "value": "<selenium.webdriver.remote.webelement.WebElement (session=\"4623af3f-762b-4e1d-af2c-da980d20d0a6\", element=\"62379e94-af7d-4d1a-8c44-c68f8d4a9b4a\")>"}], "start": 1727714441208, "stop": 1727714441776}], "parameters": [{"name": "driver", "value": "<selenium.webdriver.firefox.webdriver.WebDriver (session=\"4623af3f-762b-4e1d-af2c-da980d20d0a6\")>"}], "start": 1727714441192, "stop": 1727714441777}, {"name": "Нажатие на раздел \"Соусы\" и добавление соуса в корзину", "status": "passed", "steps": [{"name": "Нахождение элемента", "status": "passed", "parameters": [{"name": "locator", "value": "['xpath', \".//span[text() = 'Соусы']\"]"}], "start": 1727714441777, "stop": 1727714441793}, {"name": "Нахождение элемента", "status": "passed", "parameters": [{"name": "locator", "value": "['xpath', \".//img[@alt = 'Соус традиционный галактический']\"]"}], "start": 1727714444016, "stop": 1727714444028}, {"name": "Нахождение элемента", "status": "passed", "parameters": [{"name": "locator", "value": "['xpath', \".//section[@class = 'BurgerConstructor_basket__29Cd7 mt-25 ']\"]"}], "start": 1727714444029, "stop": 1727714444038}, {"name": "Перетаскивание элемента", "status": "passed", "parameters": [{"name": "driver", "value": "<selenium.webdriver.firefox.webdriver.WebDriver (session=\"4623af3f-762b-4e1d-af2c-da980d20d0a6\")>"}, {"name": "locator_1", "value": "<selenium.webdriver.remote.webelement.WebElement (session=\"4623af3f-762b-4e1d-af2c-da980d20d0a6\", element=\"5439a519-645e-400d-a403-385df0e3bd39\")>"}, {"name": "locator_2", "value": "<selenium.webdriver.remote.webelement.WebElement (session=\"4623af3f-762b-4e1d-af2c-da980d20d0a6\", element=\"62379e94-af7d-4d1a-8c44-c68f8d4a9b4a\")>"}], "start": 1727714444038, "stop": 1727714444589}], "parameters": [{"name": "driver", "value": "<selenium.webdriver.firefox.webdriver.WebDriver (session=\"4623af3f-762b-4e1d-af2c-da980d20d0a6\")>"}], "start": 1727714441777, "stop": 1727714444589}, {"name": "Нажатие на кнопку \"Оформить заказ\"", "status": "passed", "steps": [{"name": "Нахождение элемента", "status": "passed", "parameters": [{"name": "locator", "value": "['xpath', \".//button[text() = 'Оформить заказ']\"]"}], "start": 1727714444589, "stop": 1727714444604}, {"name": "Нахождение элемента", "status": "passed", "parameters": [{"name": "locator", "value": "['xpath', \".//section[@class = 'Modal_modal_opened__3ISw4 Modal_modal__P3_V5']/div/div[@class = 'Modal_modal__contentBox__sCy8X pt-30 pb-30']\"]"}], "start": 1727714444818, "stop": 1727714444832}], "start": 1727714444589, "stop": 1727714444832}], "parameters": [{"name": "driver", "value": "<selenium.webdriver.firefox.webdriver.WebDriver (session=\"4623af3f-762b-4e1d-af2c-da980d20d0a6\")>"}], "start": 1727714438923, "stop": 1727714444832}, {"name": "Нажатие на \"крестик\" в модальном окне деталей заказа", "status": "passed", "steps": [{"name": "Нахождение элемента", "status": "passed", "parameters": [{"name": "locator", "value": "['xpath', \".//button[@class = 'Modal_modal__close_modified__3V5XS Modal_modal__close__TnseK']\"]"}], "start": 1727714444833, "stop": 1727714444843}], "start": 1727714444833, "stop": 1727714447060}, {"name": "Нажатие на \"Личный Кабинет\"", "status": "passed", "steps": [{"name": "Нахождение элемента", "status": "passed", "parameters": [{"name": "locator", "value": "['link text', 'Личный Кабинет']"}], "start": 1727714447060, "stop": 1727714447114}], "start": 1727714447060, "stop": 1727714449353}, {"name": "Нажатие на кнопку \"История заказов\" в личном кабинете", "status": "passed", "steps": [{"name": "Нахождение элемента", "status": "passed", "parameters": [{"name": "locator", "value": "['xpath', \".//a[@class = 'Account_link__2ETsJ text text_type_main-medium text_color_inactive']\"]"}], "start": 1727714449353, "stop": 1727714449872}], "start": 1727714449353, "stop": 1727714452107}, {"name": "Получение элемента (заказа) из Истории заказов", "status": "broken", "statusDetails": {"message": "selenium.common.exceptions.TimeoutException: Message: \nStacktrace:\nRemoteError@chrome://remote/content/shared/RemoteError.sys.mjs:8:8\nWebDriverError@chrome://remote/content/shared/webdriver/Errors.sys.mjs:193:5\nNoSuchElementError@chrome://remote/content/shared/webdriver/Errors.sys.mjs:511:5\ndom.find/</<@chrome://remote/content/shared/DOM.sys.mjs:136:16\n\n", "trace": "  File \"C:\\Users\\nndmi\\Diplom\\Diplom_3\\.venv\\Lib\\site-packages\\allure_commons\\_allure.py\", line 192, in impl\n    return func(*a, **kw)\n           ^^^^^^^^^^^^^^\n  File \"C:\\Users\\nndmi\\Diplom\\Diplom_3\\pages\\lk_page.py\", line 24, in get_history_element\n    history_element = self.wait_and_find_element(LkPageLocators.HISTORY_ELEMENT)\n                      ^^^^^^^^^^^^^^^^^^^^^^^^^^^^^^^^^^^^^^^^^^^^^^^^^^^^^^^^^^\n  File \"C:\\Users\\nndmi\\Diplom\\Diplom_3\\.venv\\Lib\\site-packages\\allure_commons\\_allure.py\", line 192, in impl\n    return func(*a, **kw)\n           ^^^^^^^^^^^^^^\n  File \"C:\\Users\\nndmi\\Diplom\\Diplom_3\\pages\\base_page.py\", line 13, in wait_and_find_element\n    WebDriverWait(self.driver, 40).until(expected_conditions.visibility_of_element_located(locator))\n  File \"C:\\Users\\nndmi\\Diplom\\Diplom_3\\.venv\\Lib\\site-packages\\selenium\\webdriver\\support\\wait.py\", line 105, in until\n    raise TimeoutException(message, screen, stacktrace)\n"}, "steps": [{"name": "Нахождение элемента", "status": "broken", "statusDetails": {"message": "selenium.common.exceptions.TimeoutException: Message: \nStacktrace:\nRemoteError@chrome://remote/content/shared/RemoteError.sys.mjs:8:8\nWebDriverError@chrome://remote/content/shared/webdriver/Errors.sys.mjs:193:5\nNoSuchElementError@chrome://remote/content/shared/webdriver/Errors.sys.mjs:511:5\ndom.find/</<@chrome://remote/content/shared/DOM.sys.mjs:136:16\n\n", "trace": "  File \"C:\\Users\\nndmi\\Diplom\\Diplom_3\\.venv\\Lib\\site-packages\\allure_commons\\_allure.py\", line 192, in impl\n    return func(*a, **kw)\n           ^^^^^^^^^^^^^^\n  File \"C:\\Users\\nndmi\\Diplom\\Diplom_3\\pages\\base_page.py\", line 13, in wait_and_find_element\n    WebDriverWait(self.driver, 40).until(expected_conditions.visibility_of_element_located(locator))\n  File \"C:\\Users\\nndmi\\Diplom\\Diplom_3\\.venv\\Lib\\site-packages\\selenium\\webdriver\\support\\wait.py\", line 105, in until\n    raise TimeoutException(message, screen, stacktrace)\n"}, "parameters": [{"name": "locator", "value": "['xpath', \".//p[@class = 'text text_type_digits-default']\"]"}], "start": 1727714452107, "stop": 1727714492178}], "start": 1727714452107, "stop": 1727714492180}], "parameters": [{"name": "driver", "value": "'firefox'"}], "start": 1727714435181, "stop": 1727714492182, "uuid": "1905d938-f2cb-42a6-9106-7e03dfac16ca", "historyId": "d25e8f9bc372518fd434024e60d824d2", "testCaseId": "4d1294696fc2bfcb16075419fdfa4331", "fullName": "tests.test_orders_feed_page.TestOrdersFeedPage#test_orders_in_history_and_feed", "labels": [{"name": "parentSuite", "value": "tests"}, {"name": "suite", "value": "test_orders_feed_page"}, {"name": "subSuite", "value": "TestOrdersFeedPage"}, {"name": "host", "value": "DNn"}, {"name": "thread", "value": "18576-MainThread"}, {"name": "framework", "value": "pytest"}, {"name": "language", "value": "cpython3"}, {"name": "package", "value": "tests.test_orders_feed_page"}]}