{"name": "Проверка появления заказа в разделе \"В работе\" после оформления заказа", "status": "broken", "statusDetails": {"message": "selenium.common.exceptions.ElementClickInterceptedException: Message: element click intercepted: Element <button type=\"button\" class=\"Modal_modal__close_modified__3V5XS Modal_modal__close__TnseK\">...</button> is not clickable at point (1068, 131). Other element would receive the click: <div class=\"Modal_modal_overlay__x2ZCr\"></div>\n  (Session info: chrome=129.0.6668.70)\nStacktrace:\n\tGetHandleVerifier [0x00007FF7E12CB125+29573]\n\t(No symbol) [0x00007FF7E123FF50]\n\t(No symbol) [0x00007FF7E10FB6EA]\n\t(No symbol) [0x00007FF7E11574EE]\n\t(No symbol) [0x00007FF7E1154F3C]\n\t(No symbol) [0x00007FF7E1152408]\n\t(No symbol) [0x00007FF7E115161A]\n\t(No symbol) [0x00007FF7E11436BE]\n\t(No symbol) [0x00007FF7E11772FA]\n\t(No symbol) [0x00007FF7E1142FF6]\n\t(No symbol) [0x00007FF7E1177510]\n\t(No symbol) [0x00007FF7E11986BC]\n\t(No symbol) [0x00007FF7E11770A3]\n\t(No symbol) [0x00007FF7E11412DF]\n\t(No symbol) [0x00007FF7E1142441]\n\tGetHandleVerifier [0x00007FF7E15FC76D+3377613]\n\tGetHandleVerifier [0x00007FF7E1647B67+3685831]\n\tGetHandleVerifier [0x00007FF7E163CF8B+3641835]\n\tGetHandleVerifier [0x00007FF7E138B2A6+816390]\n\t(No symbol) [0x00007FF7E124B25F]\n\t(No symbol) [0x00007FF7E1247084]\n\t(No symbol) [0x00007FF7E1247220]\n\t(No symbol) [0x00007FF7E123607F]\n\tBaseThreadInitThunk [0x00007FFC2D62257D+29]\n\tRtlUserThreadStart [0x00007FFC2E0CAF28+40]", "trace": "self = <tests.test_orders_feed_page.TestOrdersFeedPage object at 0x00000168A446F950>\ndriver = <selenium.webdriver.chrome.webdriver.WebDriver (session=\"42e7c1b75c34fe1d4f176e764001fdaa\")>, user_info = ['natali_dmitrievsky_1274_265@yandex.ru', 'F31-39']\n\n    @allure.title('Проверка появления заказа в разделе \"В работе\" после оформления заказа')\n    def test_order_in_work(self, driver, user_info):\n        main_page = MainPage(driver)\n        main_page.click_account_button()\n        main_page.set_auth_form(user_info[0], user_info[1])\n        main_page.create_order(driver)\n        id_order = main_page.get_id_order()\n>       main_page.click_close_button_modal_window_id_order()\n\ntests\\test_orders_feed_page.py:47: \n_ _ _ _ _ _ _ _ _ _ _ _ _ _ _ _ _ _ _ _ _ _ _ _ _ _ _ _ _ _ _ _ _ _ _ _ _ _ _ _ _ _ _ _ _ _ _ _ _ _ _ _ _ _ _ _ _ _ _ _ _ _ _ _ _ _ _ _ _ _ _ _ _ _ _ _ _ _ _ _ _ _ _ _ _ _ _ _ _ _ _ _\npages\\main_page.py:113: in click_close_button_modal_window_id_order\n    close_button.click()\n.venv\\Lib\\site-packages\\selenium\\webdriver\\remote\\webelement.py:94: in click\n    self._execute(Command.CLICK_ELEMENT)\n.venv\\Lib\\site-packages\\selenium\\webdriver\\remote\\webelement.py:395: in _execute\n    return self._parent.execute(command, params)\n.venv\\Lib\\site-packages\\selenium\\webdriver\\remote\\webdriver.py:354: in execute\n    self.error_handler.check_response(response)\n_ _ _ _ _ _ _ _ _ _ _ _ _ _ _ _ _ _ _ _ _ _ _ _ _ _ _ _ _ _ _ _ _ _ _ _ _ _ _ _ _ _ _ _ _ _ _ _ _ _ _ _ _ _ _ _ _ _ _ _ _ _ _ _ _ _ _ _ _ _ _ _ _ _ _ _ _ _ _ _ _ _ _ _ _ _ _ _ _ _ _ _\n\nself = <selenium.webdriver.remote.errorhandler.ErrorHandler object at 0x00000168A4559210>\nresponse = {'status': 400, 'value': '{\"value\":{\"error\":\"element click intercepted\",\"message\":\"element click intercepted: Element ...07FF7E123607F]\\\\n\\\\tBaseThreadInitThunk [0x00007FFC2D62257D+29]\\\\n\\\\tRtlUserThreadStart [0x00007FFC2E0CAF28+40]\\\\n\"}}'}\n\n    def check_response(self, response: Dict[str, Any]) -> None:\n        \"\"\"Checks that a JSON response from the WebDriver does not have an\n        error.\n    \n        :Args:\n         - response - The JSON response from the WebDriver server as a dictionary\n           object.\n    \n        :Raises: If the response contains an error message.\n        \"\"\"\n        status = response.get(\"status\", None)\n        if not status or status == ErrorCode.SUCCESS:\n            return\n        value = None\n        message = response.get(\"message\", \"\")\n        screen: str = response.get(\"screen\", \"\")\n        stacktrace = None\n        if isinstance(status, int):\n            value_json = response.get(\"value\", None)\n            if value_json and isinstance(value_json, str):\n                import json\n    \n                try:\n                    value = json.loads(value_json)\n                    if len(value) == 1:\n                        value = value[\"value\"]\n                    status = value.get(\"error\", None)\n                    if not status:\n                        status = value.get(\"status\", ErrorCode.UNKNOWN_ERROR)\n                        message = value.get(\"value\") or value.get(\"message\")\n                        if not isinstance(message, str):\n                            value = message\n                            message = message.get(\"message\")\n                    else:\n                        message = value.get(\"message\", None)\n                except ValueError:\n                    pass\n    \n        exception_class: Type[WebDriverException]\n        e = ErrorCode()\n        error_codes = [item for item in dir(e) if not item.startswith(\"__\")]\n        for error_code in error_codes:\n            error_info = getattr(ErrorCode, error_code)\n            if isinstance(error_info, list) and status in error_info:\n                exception_class = getattr(ExceptionMapping, error_code, WebDriverException)\n                break\n        else:\n            exception_class = WebDriverException\n    \n        if not value:\n            value = response[\"value\"]\n        if isinstance(value, str):\n            raise exception_class(value)\n        if message == \"\" and \"message\" in value:\n            message = value[\"message\"]\n    \n        screen = None  # type: ignore[assignment]\n        if \"screen\" in value:\n            screen = value[\"screen\"]\n    \n        stacktrace = None\n        st_value = value.get(\"stackTrace\") or value.get(\"stacktrace\")\n        if st_value:\n            if isinstance(st_value, str):\n                stacktrace = st_value.split(\"\\n\")\n            else:\n                stacktrace = []\n                try:\n                    for frame in st_value:\n                        line = frame.get(\"lineNumber\", \"\")\n                        file = frame.get(\"fileName\", \"<anonymous>\")\n                        if line:\n                            file = f\"{file}:{line}\"\n                        meth = frame.get(\"methodName\", \"<anonymous>\")\n                        if \"className\" in frame:\n                            meth = f\"{frame['className']}.{meth}\"\n                        msg = \"    at %s (%s)\"\n                        msg = msg % (meth, file)\n                        stacktrace.append(msg)\n                except TypeError:\n                    pass\n        if exception_class == UnexpectedAlertPresentException:\n            alert_text = None\n            if \"data\" in value:\n                alert_text = value[\"data\"].get(\"text\")\n            elif \"alert\" in value:\n                alert_text = value[\"alert\"].get(\"text\")\n            raise exception_class(message, screen, stacktrace, alert_text)  # type: ignore[call-arg]  # mypy is not smart enough here\n>       raise exception_class(message, screen, stacktrace)\nE       selenium.common.exceptions.ElementClickInterceptedException: Message: element click intercepted: Element <button type=\"button\" class=\"Modal_modal__close_modified__3V5XS Modal_modal__close__TnseK\">...</button> is not clickable at point (1068, 131). Other element would receive the click: <div class=\"Modal_modal_overlay__x2ZCr\"></div>\nE         (Session info: chrome=129.0.6668.70)\nE       Stacktrace:\nE       \tGetHandleVerifier [0x00007FF7E12CB125+29573]\nE       \t(No symbol) [0x00007FF7E123FF50]\nE       \t(No symbol) [0x00007FF7E10FB6EA]\nE       \t(No symbol) [0x00007FF7E11574EE]\nE       \t(No symbol) [0x00007FF7E1154F3C]\nE       \t(No symbol) [0x00007FF7E1152408]\nE       \t(No symbol) [0x00007FF7E115161A]\nE       \t(No symbol) [0x00007FF7E11436BE]\nE       \t(No symbol) [0x00007FF7E11772FA]\nE       \t(No symbol) [0x00007FF7E1142FF6]\nE       \t(No symbol) [0x00007FF7E1177510]\nE       \t(No symbol) [0x00007FF7E11986BC]\nE       \t(No symbol) [0x00007FF7E11770A3]\nE       \t(No symbol) [0x00007FF7E11412DF]\nE       \t(No symbol) [0x00007FF7E1142441]\nE       \tGetHandleVerifier [0x00007FF7E15FC76D+3377613]\nE       \tGetHandleVerifier [0x00007FF7E1647B67+3685831]\nE       \tGetHandleVerifier [0x00007FF7E163CF8B+3641835]\nE       \tGetHandleVerifier [0x00007FF7E138B2A6+816390]\nE       \t(No symbol) [0x00007FF7E124B25F]\nE       \t(No symbol) [0x00007FF7E1247084]\nE       \t(No symbol) [0x00007FF7E1247220]\nE       \t(No symbol) [0x00007FF7E123607F]\nE       \tBaseThreadInitThunk [0x00007FFC2D62257D+29]\nE       \tRtlUserThreadStart [0x00007FFC2E0CAF28+40]\n\n.venv\\Lib\\site-packages\\selenium\\webdriver\\remote\\errorhandler.py:229: ElementClickInterceptedException"}, "steps": [{"name": "Нажатие на кнопку \"Войти в аккаунт\"", "status": "passed", "steps": [{"name": "Нахождение элемента", "status": "passed", "parameters": [{"name": "locator", "value": "['xpath', \".//button[text() = 'Войти в аккаунт']\"]"}], "start": 1727812261116, "stop": 1727812261135}, {"name": "Ожидание кликабельности элемента", "status": "passed", "parameters": [{"name": "locator", "value": "['xpath', \".//button[text() = 'Войти в аккаунт']\"]"}], "start": 1727812261135, "stop": 1727812261152}], "start": 1727812261115, "stop": 1727812261176}, {"name": "Заполнение полей формы авторизации и нажатие на кнопку \"Войти\"", "status": "passed", "steps": [{"name": "Заполнение поля Email в форме авторизации", "status": "passed", "steps": [{"name": "Нахождение элемента", "status": "passed", "parameters": [{"name": "locator", "value": "['xpath', \".//input[@class = 'text input__textfield text_type_main-default' and @name = 'name']\"]"}], "start": 1727812261176, "stop": 1727812261190}], "parameters": [{"name": "email", "value": "'natali_dmitrievsky_1274_265@yandex.ru'"}], "start": 1727812261176, "stop": 1727812261278}, {"name": "Заполнение поля \"Пароль\" в форме авторизации", "status": "passed", "steps": [{"name": "Нахождение элемента", "status": "passed", "parameters": [{"name": "locator", "value": "['xpath', \".//input[@class = 'text input__textfield text_type_main-default' and @name = 'Пароль']\"]"}], "start": 1727812261278, "stop": 1727812261296}], "parameters": [{"name": "password", "value": "'F31-39'"}], "start": 1727812261278, "stop": 1727812261330}, {"name": "Нажатие на кнопку \"Войти\" в форме авторизации", "status": "passed", "steps": [{"name": "Нахождение элемента", "status": "passed", "parameters": [{"name": "locator", "value": "['xpath', \".//button[text() = 'Войти']\"]"}], "start": 1727812261330, "stop": 1727812261344}, {"name": "Ожидание кликабельности элемента", "status": "passed", "parameters": [{"name": "locator", "value": "['xpath', \".//button[text() = 'Войти']\"]"}], "start": 1727812261344, "stop": 1727812261356}], "start": 1727812261330, "stop": 1727812261375}], "parameters": [{"name": "email", "value": "'natali_dmitrievsky_1274_265@yandex.ru'"}, {"name": "password", "value": "'F31-39'"}], "start": 1727812261176, "stop": 1727812261375}, {"name": "Переход в Конструктор и создание заказа", "status": "passed", "steps": [{"name": "Нажатие на \"Конструктор\"", "status": "passed", "steps": [{"name": "Нахождение элемента", "status": "passed", "parameters": [{"name": "locator", "value": "['xpath', \".//p[text() = 'Конструктор']\"]"}], "start": 1727812261376, "stop": 1727812261388}, {"name": "Ожидание кликабельности элемента", "status": "passed", "parameters": [{"name": "locator", "value": "['xpath', \".//p[text() = 'Конструктор']\"]"}], "start": 1727812261388, "stop": 1727812261402}, {"name": "Нахождение элемента", "status": "passed", "parameters": [{"name": "locator", "value": "['xpath', \".//a[@class = 'AppHeader_header__link__3D_hX AppHeader_header__link_active__1IkJo' and @href = '/']\"]"}], "start": 1727812261886, "stop": 1727812261899}], "start": 1727812261376, "stop": 1727812261899}, {"name": "Добавление булочки в заказ", "status": "passed", "steps": [{"name": "Нахождение элемента", "status": "passed", "parameters": [{"name": "locator", "value": "['xpath', \".//img[@alt = 'Краторная булка N-200i']\"]"}], "start": 1727812261900, "stop": 1727812261913}, {"name": "Нахождение элемента", "status": "passed", "parameters": [{"name": "locator", "value": "['xpath', \".//section[@class = 'BurgerConstructor_basket__29Cd7 mt-25 ']\"]"}], "start": 1727812261913, "stop": 1727812261928}, {"name": "Перетаскивание элемента", "status": "passed", "parameters": [{"name": "driver", "value": "<selenium.webdriver.chrome.webdriver.WebDriver (session=\"42e7c1b75c34fe1d4f176e764001fdaa\")>"}, {"name": "locator_1", "value": "<selenium.webdriver.remote.webelement.WebElement (session=\"42e7c1b75c34fe1d4f176e764001fdaa\", element=\"f.2387E8ADC1DA2582D1C8E8244136EC0E.d.896E0C90332024B05337A0FB0F1E5366.e.88\")>"}, {"name": "locator_2", "value": "<selenium.webdriver.remote.webelement.WebElement (session=\"42e7c1b75c34fe1d4f176e764001fdaa\", element=\"f.2387E8ADC1DA2582D1C8E8244136EC0E.d.896E0C90332024B05337A0FB0F1E5366.e.89\")>"}], "start": 1727812261928, "stop": 1727812262465}], "parameters": [{"name": "driver", "value": "<selenium.webdriver.chrome.webdriver.WebDriver (session=\"42e7c1b75c34fe1d4f176e764001fdaa\")>"}], "start": 1727812261899, "stop": 1727812262465}, {"name": "Нажатие на раздел \"Соусы\" и добавление соуса в корзину", "status": "passed", "steps": [{"name": "Нахождение элемента", "status": "passed", "parameters": [{"name": "locator", "value": "['xpath', \".//span[text() = 'Соусы']\"]"}], "start": 1727812262465, "stop": 1727812262481}, {"name": "Ожидание кликабельности элемента", "status": "passed", "parameters": [{"name": "locator", "value": "['xpath', \".//span[text() = 'Соусы']\"]"}], "start": 1727812262481, "stop": 1727812262495}, {"name": "Нахождение элемента", "status": "passed", "parameters": [{"name": "locator", "value": "['xpath', \".//img[@alt = 'Соус традиционный галактический']\"]"}], "start": 1727812262513, "stop": 1727812262528}, {"name": "Нахождение элемента", "status": "passed", "parameters": [{"name": "locator", "value": "['xpath', \".//section[@class = 'BurgerConstructor_basket__29Cd7 mt-25 ']\"]"}], "start": 1727812262528, "stop": 1727812262538}, {"name": "Перетаскивание элемента", "status": "passed", "parameters": [{"name": "driver", "value": "<selenium.webdriver.chrome.webdriver.WebDriver (session=\"42e7c1b75c34fe1d4f176e764001fdaa\")>"}, {"name": "locator_1", "value": "<selenium.webdriver.remote.webelement.WebElement (session=\"42e7c1b75c34fe1d4f176e764001fdaa\", element=\"f.2387E8ADC1DA2582D1C8E8244136EC0E.d.896E0C90332024B05337A0FB0F1E5366.e.95\")>"}, {"name": "locator_2", "value": "<selenium.webdriver.remote.webelement.WebElement (session=\"42e7c1b75c34fe1d4f176e764001fdaa\", element=\"f.2387E8ADC1DA2582D1C8E8244136EC0E.d.896E0C90332024B05337A0FB0F1E5366.e.89\")>"}], "start": 1727812262538, "stop": 1727812263092}], "parameters": [{"name": "driver", "value": "<selenium.webdriver.chrome.webdriver.WebDriver (session=\"42e7c1b75c34fe1d4f176e764001fdaa\")>"}], "start": 1727812262465, "stop": 1727812263092}, {"name": "Нажатие на кнопку \"Оформить заказ\"", "status": "passed", "steps": [{"name": "Нахождение элемента", "status": "passed", "parameters": [{"name": "locator", "value": "['xpath', \".//button[text() = 'Оформить заказ']\"]"}], "start": 1727812263092, "stop": 1727812263106}, {"name": "Ожидание кликабельности элемента", "status": "passed", "parameters": [{"name": "locator", "value": "['xpath', \".//button[text() = 'Оформить заказ']\"]"}], "start": 1727812263106, "stop": 1727812263120}, {"name": "Нахождение элемента", "status": "passed", "parameters": [{"name": "locator", "value": "['xpath', \".//section[@class = 'Modal_modal_opened__3ISw4 Modal_modal__P3_V5']/div/div[@class = 'Modal_modal__contentBox__sCy8X pt-30 pb-30']\"]"}], "start": 1727812263138, "stop": 1727812263667}], "start": 1727812263092, "stop": 1727812263667}], "parameters": [{"name": "driver", "value": "<selenium.webdriver.chrome.webdriver.WebDriver (session=\"42e7c1b75c34fe1d4f176e764001fdaa\")>"}], "start": 1727812261376, "stop": 1727812263667}, {"name": "Получение id заказа из модального окна после оформления заказа", "status": "passed", "steps": [{"name": "Нахождение элемента", "status": "passed", "parameters": [{"name": "locator", "value": "['xpath', \".//div[@class = 'Modal_modal__contentBox__sCy8X pt-30 pb-30']/h2\"]"}], "start": 1727812263668, "stop": 1727812263678}], "start": 1727812263668, "stop": 1727812263685}, {"name": "Нажатие на \"крестик\" в модальном окне деталей заказа", "status": "broken", "statusDetails": {"message": "selenium.common.exceptions.ElementClickInterceptedException: Message: element click intercepted: Element <button type=\"button\" class=\"Modal_modal__close_modified__3V5XS Modal_modal__close__TnseK\">...</button> is not clickable at point (1068, 131). Other element would receive the click: <div class=\"Modal_modal_overlay__x2ZCr\"></div>\n  (Session info: chrome=129.0.6668.70)\nStacktrace:\n\tGetHandleVerifier [0x00007FF7E12CB125+29573]\n\t(No symbol) [0x00007FF7E123FF50]\n\t(No symbol) [0x00007FF7E10FB6EA]\n\t(No symbol) [0x00007FF7E11574EE]\n\t(No symbol) [0x00007FF7E1154F3C]\n\t(No symbol) [0x00007FF7E1152408]\n\t(No symbol) [0x00007FF7E115161A]\n\t(No symbol) [0x00007FF7E11436BE]\n\t(No symbol) [0x00007FF7E11772FA]\n\t(No symbol) [0x00007FF7E1142FF6]\n\t(No symbol) [0x00007FF7E1177510]\n\t(No symbol) [0x00007FF7E11986BC]\n\t(No symbol) [0x00007FF7E11770A3]\n\t(No symbol) [0x00007FF7E11412DF]\n\t(No symbol) [0x00007FF7E1142441]\n\tGetHandleVerifier [0x00007FF7E15FC76D+3377613]\n\tGetHandleVerifier [0x00007FF7E1647B67+3685831]\n\tGetHandleVerifier [0x00007FF7E163CF8B+3641835]\n\tGetHandleVerifier [0x00007FF7E138B2A6+816390]\n\t(No symbol) [0x00007FF7E124B25F]\n\t(No symbol) [0x00007FF7E1247084]\n\t(No symbol) [0x00007FF7E1247220]\n\t(No symbol) [0x00007FF7E123607F]\n\tBaseThreadInitThunk [0x00007FFC2D62257D+29]\n\tRtlUserThreadStart [0x00007FFC2E0CAF28+40]\n\n", "trace": "  File \"C:\\Users\\nndmi\\Diplom\\Diplom_3\\.venv\\Lib\\site-packages\\allure_commons\\_allure.py\", line 192, in impl\n    return func(*a, **kw)\n           ^^^^^^^^^^^^^^\n  File \"C:\\Users\\nndmi\\Diplom\\Diplom_3\\pages\\main_page.py\", line 113, in click_close_button_modal_window_id_order\n    close_button.click()\n  File \"C:\\Users\\nndmi\\Diplom\\Diplom_3\\.venv\\Lib\\site-packages\\selenium\\webdriver\\remote\\webelement.py\", line 94, in click\n    self._execute(Command.CLICK_ELEMENT)\n  File \"C:\\Users\\nndmi\\Diplom\\Diplom_3\\.venv\\Lib\\site-packages\\selenium\\webdriver\\remote\\webelement.py\", line 395, in _execute\n    return self._parent.execute(command, params)\n           ^^^^^^^^^^^^^^^^^^^^^^^^^^^^^^^^^^^^^\n  File \"C:\\Users\\nndmi\\Diplom\\Diplom_3\\.venv\\Lib\\site-packages\\selenium\\webdriver\\remote\\webdriver.py\", line 354, in execute\n    self.error_handler.check_response(response)\n  File \"C:\\Users\\nndmi\\Diplom\\Diplom_3\\.venv\\Lib\\site-packages\\selenium\\webdriver\\remote\\errorhandler.py\", line 229, in check_response\n    raise exception_class(message, screen, stacktrace)\n"}, "steps": [{"name": "Нахождение элемента", "status": "passed", "parameters": [{"name": "locator", "value": "['xpath', \".//button[@class = 'Modal_modal__close_modified__3V5XS Modal_modal__close__TnseK']\"]"}], "start": 1727812263685, "stop": 1727812263697}, {"name": "Ожидание кликабельности элемента", "status": "passed", "parameters": [{"name": "locator", "value": "['xpath', \".//button[@class = 'Modal_modal__close_modified__3V5XS Modal_modal__close__TnseK']\"]"}], "start": 1727812263697, "stop": 1727812263709}], "start": 1727812263685, "stop": 1727812264735}], "parameters": [{"name": "driver", "value": "'chrome'"}], "start": 1727812261115, "stop": 1727812264736, "uuid": "36359923-889f-4a9d-9445-6ad58116a007", "historyId": "4d9575109ba8dd593789b798af4fcdb0", "testCaseId": "5e79a16ad8fc1467de9695207c2297b9", "fullName": "tests.test_orders_feed_page.TestOrdersFeedPage#test_order_in_work", "labels": [{"name": "parentSuite", "value": "tests"}, {"name": "suite", "value": "test_orders_feed_page"}, {"name": "subSuite", "value": "TestOrdersFeedPage"}, {"name": "host", "value": "DNn"}, {"name": "thread", "value": "8532-MainThread"}, {"name": "framework", "value": "pytest"}, {"name": "language", "value": "cpython3"}, {"name": "package", "value": "tests.test_orders_feed_page"}]}